[2026-02-09 19:49:42] ============================================================
[2026-02-09 19:49:42] 🚀 SCHEDULED CANSLIM SCANNER
[2026-02-09 19:49:42] ============================================================
[2026-02-09 19:49:42] 📅 Today is a trading day: Monday 09/02/2026
[2026-02-09 19:49:44] Starting CANSLIM pipeline...
[2026-02-09 20:49:44] ERROR: Pipeline timed out after 1 hour
[2026-02-09 20:49:44] Sending Telegram alerts...
[2026-02-09 20:49:44] Found 1 subscribers
[2026-02-09 20:49:46]   ✓ Sent alert to 348988385
[2026-02-09 20:49:46] Telegram alerts sent to 1/1 subscribers
[2026-02-09 20:49:46] ============================================================
[2026-02-09 20:49:46] Scheduled scan completed with exit code: 1
[2026-02-09 20:49:46] ============================================================
[2026-02-10 16:00:02] ============================================================
[2026-02-10 16:00:02] 🚀 SCHEDULED CANSLIM SCANNER
[2026-02-10 16:00:02] ============================================================
[2026-02-10 16:00:02] 📅 Today is a trading day: Tuesday 10/02/2026
[2026-02-10 16:00:04] Starting CANSLIM pipeline...
[2026-02-10 17:00:04] ERROR: Pipeline timed out after 1 hour
[2026-02-10 17:00:04] Sending Telegram alerts...
[2026-02-10 17:00:04] Found 1 subscribers
[2026-02-10 17:00:05]   ✓ Sent alert to 348988385
[2026-02-10 17:00:05] Telegram alerts sent to 1/1 subscribers
[2026-02-10 17:00:05] ============================================================
[2026-02-10 17:00:05] Scheduled scan completed with exit code: 1
[2026-02-10 17:00:05] ============================================================
[2026-02-11 16:00:01] ============================================================
[2026-02-11 16:00:01] 🚀 SCHEDULED CANSLIM SCANNER
[2026-02-11 16:00:01] ============================================================
[2026-02-11 16:00:01] 📅 Today is a trading day: Wednesday 11/02/2026
[2026-02-11 16:00:04] Starting CANSLIM pipeline...
[2026-02-11 17:00:04] ERROR: Pipeline timed out after 1 hour
[2026-02-11 17:00:04] Sending Telegram alerts...
[2026-02-11 17:00:04] Found 1 subscribers
[2026-02-11 17:00:05]   ✓ Sent alert to 348988385
[2026-02-11 17:00:05] Telegram alerts sent to 1/1 subscribers
[2026-02-11 17:00:05] ============================================================
[2026-02-11 17:00:05] Scheduled scan completed with exit code: 1
[2026-02-11 17:00:05] ============================================================
